2022-05-30 10:48:45.676  INFO 9716 --- [main] c.t.m.Mybatisplus01Application           : Starting Mybatisplus01Application using Java 1.8.0_221 on DESKTOP-SSN0S00 with PID 9716 (D:\大数据实训2\IdeaProjects\mybatisplus01\target\classes started by sun in D:\大数据实训2\IdeaProjects\mybatisplus01)
2022-05-30 10:48:45.683 DEBUG 9716 --- [main] c.t.m.Mybatisplus01Application           : Running with Spring Boot v2.6.4, Spring v5.3.16
2022-05-30 10:48:45.685  INFO 9716 --- [main] c.t.m.Mybatisplus01Application           : No active profile set, falling back to 1 default profile: "default"
2022-05-30 10:48:47.221  INFO 9716 --- [main] o.s.b.w.embedded.tomcat.TomcatWebServer  : Tomcat initialized with port(s): 8080 (http)
2022-05-30 10:48:47.223  INFO 9716 --- [main] o.a.catalina.core.AprLifecycleListener   : An older version [1.2.28] of the Apache Tomcat Native library is installed, while Tomcat recommends a minimum version of [1.2.30]
2022-05-30 10:48:47.224  INFO 9716 --- [main] o.a.catalina.core.AprLifecycleListener   : Loaded Apache Tomcat Native library [1.2.28] using APR version [1.7.0].
2022-05-30 10:48:47.224  INFO 9716 --- [main] o.a.catalina.core.AprLifecycleListener   : APR capabilities: IPv6 [true], sendfile [true], accept filters [false], random [true], UDS [true].
2022-05-30 10:48:47.224  INFO 9716 --- [main] o.a.catalina.core.AprLifecycleListener   : APR/OpenSSL configuration: useAprConnector [false], useOpenSSL [true]
2022-05-30 10:48:47.227  INFO 9716 --- [main] o.a.catalina.core.AprLifecycleListener   : OpenSSL successfully initialized [OpenSSL 1.1.1k  25 Mar 2021]
2022-05-30 10:48:47.236  INFO 9716 --- [main] o.apache.catalina.core.StandardService   : Starting service [Tomcat]
2022-05-30 10:48:47.237  INFO 9716 --- [main] org.apache.catalina.core.StandardEngine  : Starting Servlet engine: [Apache Tomcat/9.0.58]
2022-05-30 10:48:47.303  INFO 9716 --- [main] o.a.c.c.C.[Tomcat].[localhost].[/]       : Initializing Spring embedded WebApplicationContext
2022-05-30 10:48:47.303  INFO 9716 --- [main] w.s.c.ServletWebServerApplicationContext : Root WebApplicationContext: initialization completed in 1501 ms
2022-05-30 10:48:48.084  WARN 9716 --- [main] c.b.m.core.metadata.TableInfoHelper      : Warn: Could not find @TableId in Class: com.tedu.mybatisplus01.pojo.DateTongjiEntity.
2022-05-30 10:48:48.628  WARN 9716 --- [main] ConfigServletWebServerApplicationContext : Exception encountered during context initialization - cancelling refresh attempt: org.springframework.context.ApplicationContextException: Failed to start bean 'webServerStartStop'; nested exception is org.springframework.boot.web.server.PortInUseException: Port 8080 is already in use
2022-05-30 10:48:48.631  INFO 9716 --- [main] o.apache.catalina.core.StandardService   : Stopping service [Tomcat]
2022-05-30 10:48:48.641  INFO 9716 --- [main] ConditionEvaluationReportLoggingListener : 

Error starting ApplicationContext. To display the conditions report re-run your application with 'debug' enabled.
2022-05-30 10:48:48.708 ERROR 9716 --- [main] o.s.b.d.LoggingFailureAnalysisReporter   : 

***************************
APPLICATION FAILED TO START
***************************

Description:

Web server failed to start. Port 8080 was already in use.

Action:

Identify and stop the process that's listening on port 8080 or configure this application to listen on another port.

2022-05-30 10:49:20.827  INFO 15588 --- [main] c.t.m.Mybatisplus01Application           : Starting Mybatisplus01Application using Java 1.8.0_221 on DESKTOP-SSN0S00 with PID 15588 (D:\大数据实训2\IdeaProjects\mybatisplus01\target\classes started by sun in D:\大数据实训2\IdeaProjects\mybatisplus01)
2022-05-30 10:49:20.831 DEBUG 15588 --- [main] c.t.m.Mybatisplus01Application           : Running with Spring Boot v2.6.4, Spring v5.3.16
2022-05-30 10:49:20.833  INFO 15588 --- [main] c.t.m.Mybatisplus01Application           : No active profile set, falling back to 1 default profile: "default"
2022-05-30 10:49:22.282  INFO 15588 --- [main] o.s.b.w.embedded.tomcat.TomcatWebServer  : Tomcat initialized with port(s): 8080 (http)
2022-05-30 10:49:22.283  INFO 15588 --- [main] o.a.catalina.core.AprLifecycleListener   : An older version [1.2.28] of the Apache Tomcat Native library is installed, while Tomcat recommends a minimum version of [1.2.30]
2022-05-30 10:49:22.284  INFO 15588 --- [main] o.a.catalina.core.AprLifecycleListener   : Loaded Apache Tomcat Native library [1.2.28] using APR version [1.7.0].
2022-05-30 10:49:22.284  INFO 15588 --- [main] o.a.catalina.core.AprLifecycleListener   : APR capabilities: IPv6 [true], sendfile [true], accept filters [false], random [true], UDS [true].
2022-05-30 10:49:22.284  INFO 15588 --- [main] o.a.catalina.core.AprLifecycleListener   : APR/OpenSSL configuration: useAprConnector [false], useOpenSSL [true]
2022-05-30 10:49:22.288  INFO 15588 --- [main] o.a.catalina.core.AprLifecycleListener   : OpenSSL successfully initialized [OpenSSL 1.1.1k  25 Mar 2021]
2022-05-30 10:49:22.297  INFO 15588 --- [main] o.apache.catalina.core.StandardService   : Starting service [Tomcat]
2022-05-30 10:49:22.298  INFO 15588 --- [main] org.apache.catalina.core.StandardEngine  : Starting Servlet engine: [Apache Tomcat/9.0.58]
2022-05-30 10:49:22.363  INFO 15588 --- [main] o.a.c.c.C.[Tomcat].[localhost].[/]       : Initializing Spring embedded WebApplicationContext
2022-05-30 10:49:22.364  INFO 15588 --- [main] w.s.c.ServletWebServerApplicationContext : Root WebApplicationContext: initialization completed in 1454 ms
2022-05-30 10:49:23.265  WARN 15588 --- [main] c.b.m.core.metadata.TableInfoHelper      : Warn: Could not find @TableId in Class: com.tedu.mybatisplus01.pojo.DateTongjiEntity.
2022-05-30 10:49:23.768  INFO 15588 --- [main] o.s.b.w.embedded.tomcat.TomcatWebServer  : Tomcat started on port(s): 8080 (http) with context path ''
2022-05-30 10:49:23.780  INFO 15588 --- [main] c.t.m.Mybatisplus01Application           : Started Mybatisplus01Application in 3.716 seconds (JVM running for 4.798)
2022-05-30 10:49:31.414  INFO 15588 --- [http-nio-8080-exec-1] o.a.c.c.C.[Tomcat].[localhost].[/]       : Initializing Spring DispatcherServlet 'dispatcherServlet'
2022-05-30 10:49:31.415  INFO 15588 --- [http-nio-8080-exec-1] o.s.web.servlet.DispatcherServlet        : Initializing Servlet 'dispatcherServlet'
2022-05-30 10:49:31.416  INFO 15588 --- [http-nio-8080-exec-1] o.s.web.servlet.DispatcherServlet        : Completed initialization in 1 ms
