2022-05-30 10:46:37.124  INFO 14284 --- [main] com.tedu.mybatis02.Mybatis02Application  : Starting Mybatis02Application using Java 1.8.0_221 on DESKTOP-SSN0S00 with PID 14284 (D:\大数据实训2\IdeaProjects\mybatis02\target\classes started by sun in D:\大数据实训2\IdeaProjects\mybatis02)
2022-05-30 10:46:37.136 DEBUG 14284 --- [main] com.tedu.mybatis02.Mybatis02Application  : Running with Spring Boot v2.6.4, Spring v5.3.16
2022-05-30 10:46:37.145  INFO 14284 --- [main] com.tedu.mybatis02.Mybatis02Application  : No active profile set, falling back to 1 default profile: "default"
2022-05-30 10:46:38.407  INFO 14284 --- [main] o.s.b.w.embedded.tomcat.TomcatWebServer  : Tomcat initialized with port(s): 8080 (http)
2022-05-30 10:46:38.409  INFO 14284 --- [main] o.a.catalina.core.AprLifecycleListener   : An older version [1.2.28] of the Apache Tomcat Native library is installed, while Tomcat recommends a minimum version of [1.2.30]
2022-05-30 10:46:38.410  INFO 14284 --- [main] o.a.catalina.core.AprLifecycleListener   : Loaded Apache Tomcat Native library [1.2.28] using APR version [1.7.0].
2022-05-30 10:46:38.410  INFO 14284 --- [main] o.a.catalina.core.AprLifecycleListener   : APR capabilities: IPv6 [true], sendfile [true], accept filters [false], random [true], UDS [true].
2022-05-30 10:46:38.410  INFO 14284 --- [main] o.a.catalina.core.AprLifecycleListener   : APR/OpenSSL configuration: useAprConnector [false], useOpenSSL [true]
2022-05-30 10:46:38.414  INFO 14284 --- [main] o.a.catalina.core.AprLifecycleListener   : OpenSSL successfully initialized [OpenSSL 1.1.1k  25 Mar 2021]
2022-05-30 10:46:38.421  INFO 14284 --- [main] o.apache.catalina.core.StandardService   : Starting service [Tomcat]
2022-05-30 10:46:38.421  INFO 14284 --- [main] org.apache.catalina.core.StandardEngine  : Starting Servlet engine: [Apache Tomcat/9.0.58]
2022-05-30 10:46:38.483  INFO 14284 --- [main] o.a.c.c.C.[Tomcat].[localhost].[/]       : Initializing Spring embedded WebApplicationContext
2022-05-30 10:46:38.483  INFO 14284 --- [main] w.s.c.ServletWebServerApplicationContext : Root WebApplicationContext: initialization completed in 1228 ms
2022-05-30 10:46:39.309  WARN 14284 --- [main] c.b.m.core.metadata.TableInfoHelper      : Warn: Could not find @TableId in Class: com.tedu.mybatis02.pojo.CityTongjiEntity.
2022-05-30 10:46:39.905  INFO 14284 --- [main] o.s.b.w.embedded.tomcat.TomcatWebServer  : Tomcat started on port(s): 8080 (http) with context path ''
2022-05-30 10:46:39.915  INFO 14284 --- [main] com.tedu.mybatis02.Mybatis02Application  : Started Mybatis02Application in 3.545 seconds (JVM running for 4.833)
2022-05-30 10:47:36.251  INFO 14284 --- [http-nio-8080-exec-1] o.a.c.c.C.[Tomcat].[localhost].[/]       : Initializing Spring DispatcherServlet 'dispatcherServlet'
2022-05-30 10:47:36.251  INFO 14284 --- [http-nio-8080-exec-1] o.s.web.servlet.DispatcherServlet        : Initializing Servlet 'dispatcherServlet'
2022-05-30 10:47:36.253  INFO 14284 --- [http-nio-8080-exec-1] o.s.web.servlet.DispatcherServlet        : Completed initialization in 2 ms
2022-05-30 10:47:36.314  INFO 14284 --- [http-nio-8080-exec-1] com.zaxxer.hikari.HikariDataSource       : HikariPool-1 - Starting...
2022-05-30 10:47:36.426  INFO 14284 --- [http-nio-8080-exec-1] com.zaxxer.hikari.HikariDataSource       : HikariPool-1 - Start completed.
2022-05-30 10:47:36.433 DEBUG 14284 --- [http-nio-8080-exec-1] c.t.m.m.CityTongjiMapper.selectList      : ==>  Preparing: SELECT city,total FROM city_tongji 
2022-05-30 10:47:36.458 DEBUG 14284 --- [http-nio-8080-exec-1] c.t.m.m.CityTongjiMapper.selectList      : ==> Parameters: 
2022-05-30 10:47:36.482 DEBUG 14284 --- [http-nio-8080-exec-1] c.t.m.m.CityTongjiMapper.selectList      : <==      Total: 3
